<?xml version="1.0" encoding="UTF-8" ?>
<testsuite tests="3" failures="0" name="com.bofa.interview.util.FileReaderTest" time="0.016" errors="0" skipped="0">
  <properties>
[...]
</properties>
  <testcase classname="com.bofa.interview.util.FileReaderTest" name="testReadFileWithResourceInvalidFile" time="0.016"/>
  <testcase classname="com.bofa.interview.util.FileReaderTest" name="TestReadFileInvalidFile" time="0"/>
  <testcase classname="com.bofa.interview.util.FileReaderTest" name="testReadFileWithResourceValid" time="0"/>
</testsuite>